<?xml version="1.0" encoding="UTF-8"?>
<coverage generated="1512915203943" clover="3.2.0">
  <project timestamp="1512915203943" name="All files">
    <metrics statements="88" coveredstatements="46" conditionals="17" coveredconditionals="4" methods="34" coveredmethods="12" elements="139" coveredelements="62" complexity="0" loc="88" ncloc="88" packages="5" files="12" classes="12">
      <package name="actions">
        <metrics statements="1" coveredstatements="1" conditionals="0" coveredconditionals="0" methods="1" coveredmethods="0"/>
        <file name="index.js" path="/Users/franciscosanchez/Documents/Sites/stocks/src/actions/index.js">
          <metrics statements="1" coveredstatements="1" conditionals="0" coveredconditionals="0" methods="1" coveredmethods="0"/>
          <line num="1" count="1" type="stmt"/>
        </file>
      </package>
      <package name="components">
        <metrics statements="53" coveredstatements="36" conditionals="8" coveredconditionals="4" methods="20" coveredmethods="12"/>
        <file name="App.js" path="/Users/franciscosanchez/Documents/Sites/stocks/src/components/App.js">
          <metrics statements="9" coveredstatements="9" conditionals="2" coveredconditionals="2" methods="5" coveredmethods="5"/>
          <line num="9" count="1" type="stmt"/>
          <line num="10" count="1" type="stmt"/>
          <line num="11" count="1" type="stmt"/>
          <line num="15" count="1" type="stmt"/>
          <line num="19" count="1" type="stmt"/>
          <line num="23" count="2" type="stmt"/>
          <line num="24" count="2" type="cond" truecount="2" falsecount="0"/>
          <line num="28" count="2" type="stmt"/>
          <line num="41" count="1" type="stmt"/>
        </file>
        <file name="BlankSlate.js" path="/Users/franciscosanchez/Documents/Sites/stocks/src/components/BlankSlate.js">
          <metrics statements="4" coveredstatements="4" conditionals="0" coveredconditionals="0" methods="2" coveredmethods="2"/>
          <line num="6" count="5" type="stmt"/>
          <line num="19" count="5" type="stmt"/>
          <line num="28" count="3" type="stmt"/>
          <line num="32" count="3" type="stmt"/>
        </file>
        <file name="Button.js" path="/Users/franciscosanchez/Documents/Sites/stocks/src/components/Button.js">
          <metrics statements="5" coveredstatements="5" conditionals="0" coveredconditionals="0" methods="1" coveredmethods="1"/>
          <line num="4" count="3" type="stmt"/>
          <line num="11" count="3" type="stmt"/>
          <line num="12" count="4" type="stmt"/>
          <line num="15" count="3" type="stmt"/>
          <line num="23" count="3" type="stmt"/>
        </file>
        <file name="ChartLine.js" path="/Users/franciscosanchez/Documents/Sites/stocks/src/components/ChartLine.js">
          <metrics statements="7" coveredstatements="7" conditionals="2" coveredconditionals="1" methods="1" coveredmethods="1"/>
          <line num="6" count="3" type="stmt"/>
          <line num="7" count="2" type="cond" truecount="1" falsecount="1"/>
          <line num="11" count="2" type="stmt"/>
          <line num="23" count="2" type="stmt"/>
          <line num="40" count="2" type="stmt"/>
          <line num="45" count="3" type="stmt"/>
          <line num="51" count="3" type="stmt"/>
        </file>
        <file name="CurrencyDetailItem.js" path="/Users/franciscosanchez/Documents/Sites/stocks/src/components/CurrencyDetailItem.js">
          <metrics statements="17" coveredstatements="9" conditionals="2" coveredconditionals="1" methods="6" coveredmethods="3"/>
          <line num="10" count="2" type="stmt"/>
          <line num="11" count="2" type="stmt"/>
          <line num="15" count="0" type="stmt"/>
          <line num="19" count="0" type="stmt"/>
          <line num="22" count="0" type="stmt"/>
          <line num="25" count="0" type="stmt"/>
          <line num="27" count="0" type="stmt"/>
          <line num="33" count="2" type="stmt"/>
          <line num="35" count="2" type="cond" truecount="1" falsecount="1"/>
          <line num="37" count="0" type="stmt"/>
          <line num="39" count="0" type="stmt"/>
          <line num="77" count="2" type="stmt"/>
          <line num="88" count="0" type="stmt"/>
          <line num="113" count="2" type="stmt"/>
          <line num="117" count="2" type="stmt"/>
          <line num="125" count="2" type="stmt"/>
          <line num="129" count="2" type="stmt"/>
        </file>
        <file name="CurrencyListItem.js" path="/Users/franciscosanchez/Documents/Sites/stocks/src/components/CurrencyListItem.js">
          <metrics statements="11" coveredstatements="2" conditionals="2" coveredconditionals="0" methods="5" coveredmethods="0"/>
          <line num="8" count="0" type="stmt"/>
          <line num="16" count="0" type="stmt"/>
          <line num="26" count="0" type="stmt"/>
          <line num="27" count="0" type="cond" truecount="0" falsecount="2"/>
          <line num="28" count="0" type="stmt"/>
          <line num="32" count="0" type="stmt"/>
          <line num="33" count="0" type="stmt"/>
          <line num="35" count="0" type="stmt"/>
          <line num="38" count="0" type="stmt"/>
          <line num="52" count="1" type="stmt"/>
          <line num="59" count="1" type="stmt"/>
        </file>
      </package>
      <package name="containers">
        <metrics statements="20" coveredstatements="8" conditionals="0" coveredconditionals="0" methods="10" coveredmethods="0"/>
        <file name="CurrencyDetail.js" path="/Users/franciscosanchez/Documents/Sites/stocks/src/containers/CurrencyDetail.js">
          <metrics statements="5" coveredstatements="4" conditionals="0" coveredconditionals="0" methods="2" coveredmethods="0"/>
          <line num="6" count="1" type="stmt"/>
          <line num="7" count="0" type="stmt"/>
          <line num="10" count="1" type="stmt"/>
          <line num="18" count="1" type="stmt"/>
          <line num="22" count="1" type="stmt"/>
        </file>
        <file name="CurrencyList.js" path="/Users/franciscosanchez/Documents/Sites/stocks/src/containers/CurrencyList.js">
          <metrics statements="15" coveredstatements="4" conditionals="0" coveredconditionals="0" methods="8" coveredmethods="0"/>
          <line num="9" count="0" type="stmt"/>
          <line num="10" count="0" type="stmt"/>
          <line num="11" count="0" type="stmt"/>
          <line num="15" count="0" type="stmt"/>
          <line num="16" count="0" type="stmt"/>
          <line num="17" count="0" type="stmt"/>
          <line num="21" count="0" type="stmt"/>
          <line num="23" count="0" type="stmt"/>
          <line num="24" count="0" type="stmt"/>
          <line num="35" count="0" type="stmt"/>
          <line num="43" count="1" type="stmt"/>
          <line num="47" count="1" type="stmt"/>
          <line num="51" count="1" type="stmt"/>
          <line num="55" count="1" type="stmt"/>
          <line num="57" count="0" type="stmt"/>
        </file>
      </package>
      <package name="lib">
        <metrics statements="5" coveredstatements="1" conditionals="2" coveredconditionals="0" methods="1" coveredmethods="0"/>
        <file name="valueFeedback.js" path="/Users/franciscosanchez/Documents/Sites/stocks/src/lib/valueFeedback.js">
          <metrics statements="5" coveredstatements="1" conditionals="2" coveredconditionals="0" methods="1" coveredmethods="0"/>
          <line num="1" count="3" type="stmt"/>
          <line num="7" count="0" type="stmt"/>
          <line num="8" count="0" type="stmt"/>
          <line num="9" count="0" type="cond" truecount="0" falsecount="2"/>
          <line num="13" count="0" type="stmt"/>
        </file>
      </package>
      <package name="reducers">
        <metrics statements="9" coveredstatements="0" conditionals="7" coveredconditionals="0" methods="2" coveredmethods="0"/>
        <file name="currencyDetail.js" path="/Users/franciscosanchez/Documents/Sites/stocks/src/reducers/currencyDetail.js">
          <metrics statements="5" coveredstatements="0" conditionals="3" coveredconditionals="0" methods="1" coveredmethods="0"/>
          <line num="1" count="0" type="cond" truecount="0" falsecount="1"/>
          <line num="2" count="0" type="cond" truecount="0" falsecount="2"/>
          <line num="4" count="0" type="stmt"/>
          <line num="12" count="0" type="stmt"/>
          <line num="19" count="0" type="stmt"/>
        </file>
        <file name="index.js" path="/Users/franciscosanchez/Documents/Sites/stocks/src/reducers/index.js">
          <metrics statements="4" coveredstatements="0" conditionals="4" coveredconditionals="0" methods="1" coveredmethods="0"/>
          <line num="1" count="0" type="stmt"/>
          <line num="2" count="0" type="cond" truecount="0" falsecount="4"/>
          <line num="4" count="0" type="stmt"/>
          <line num="5" count="0" type="stmt"/>
        </file>
      </package>
    </metrics>
  </project>
</coverage>
