{"/Users/franciscosanchez/Documents/Sites/stocks/src/index.js": {"path":"/Users/franciscosanchez/Documents/Sites/stocks/src/index.js","statementMap":{"0":{"start":{"line":1,"column":32},"end":{"line":1,"column":93}},"1":{"start":{"line":1,"column":107},"end":{"line":1,"column":123}},"2":{"start":{"line":1,"column":138},"end":{"line":1,"column":168}},"3":{"start":{"line":2,"column":16},"end":{"line":2,"column":36}},"4":{"start":{"line":2,"column":54},"end":{"line":2,"column":87}},"5":{"start":{"line":3,"column":18},"end":{"line":3,"column":40}},"6":{"start":{"line":4,"column":13},"end":{"line":4,"column":29}},"7":{"start":{"line":5,"column":16},"end":{"line":5,"column":37}},"8":{"start":{"line":5,"column":55},"end":{"line":5,"column":88}},"9":{"start":{"line":6,"column":11},"end":{"line":6,"column":38}},"10":{"start":{"line":6,"column":51},"end":{"line":6,"column":79}},"11":{"start":{"line":7,"column":20},"end":{"line":7,"column":50}},"12":{"start":{"line":7,"column":72},"end":{"line":7,"column":109}},"13":{"start":{"line":9,"column":0},"end":{"line":9,"column":23}},"14":{"start":{"line":9,"column":61},"end":{"line":9,"column":115}},"15":{"start":{"line":11,"column":25},"end":{"line":11,"column":86}},"16":{"start":{"line":12,"column":14},"end":{"line":15,"column":19}},"17":{"start":{"line":18,"column":0},"end":{"line":22,"column":33}}},"fnMap":{"0":{"name":"_interopRequireDefault","decl":{"start":{"line":9,"column":32},"end":{"line":9,"column":54}},"loc":{"start":{"line":9,"column":60},"end":{"line":9,"column":116}},"line":9}},"branchMap":{"0":{"loc":{"start":{"line":9,"column":68},"end":{"line":9,"column":114}},"type":"cond-expr","locations":[{"start":{"line":9,"column":92},"end":{"line":9,"column":95}},{"start":{"line":9,"column":98},"end":{"line":9,"column":114}}],"line":9},"1":{"loc":{"start":{"line":9,"column":68},"end":{"line":9,"column":89}},"type":"binary-expr","locations":[{"start":{"line":9,"column":68},"end":{"line":9,"column":71}},{"start":{"line":9,"column":75},"end":{"line":9,"column":89}}],"line":9},"2":{"loc":{"start":{"line":11,"column":25},"end":{"line":11,"column":86}},"type":"binary-expr","locations":[{"start":{"line":11,"column":25},"end":{"line":11,"column":68}},{"start":{"line":11,"column":72},"end":{"line":11,"column":86}}],"line":11}},"s":{"0":0,"1":0,"2":0,"3":0,"4":0,"5":0,"6":0,"7":0,"8":0,"9":0,"10":0,"11":0,"12":0,"13":0,"14":0,"15":0,"16":0,"17":0},"f":{"0":0},"b":{"0":[0,0],"1":[0,0],"2":[0,0]}}
,"/Users/franciscosanchez/Documents/Sites/stocks/src/registerServiceWorker.js": {"path":"/Users/franciscosanchez/Documents/Sites/stocks/src/registerServiceWorker.js","statementMap":{"0":{"start":{"line":1,"column":13},"end":{"line":1,"column":75}},"1":{"start":{"line":1,"column":75},"end":{"line":21,"column":9}},"2":{"start":{"line":21,"column":9},"end":{"line":102,"column":24}},"3":{"start":{"line":109,"column":20},"end":{"line":111,"column":89}},"4":{"start":{"line":111,"column":111},"end":{"line":117,"column":36}},"5":{"start":{"line":112,"column":22},"end":{"line":112,"column":70}},"6":{"start":{"line":112,"column":71},"end":{"line":115,"column":14}},"7":{"start":{"line":115,"column":6},"end":{"line":115,"column":13}},"8":{"start":{"line":115,"column":14},"end":{"line":117,"column":35}},"9":{"start":{"line":115,"column":67},"end":{"line":115,"column":112}},"10":{"start":{"line":115,"column":113},"end":{"line":117,"column":32}},"11":{"start":{"line":116,"column":8},"end":{"line":116,"column":39}},"12":{"start":{"line":117,"column":8},"end":{"line":117,"column":31}},"13":{"start":{"line":117,"column":70},"end":{"line":124,"column":156}},"14":{"start":{"line":117,"column":132},"end":{"line":124,"column":68}},"15":{"start":{"line":117,"column":193},"end":{"line":117,"column":216}},"16":{"start":{"line":117,"column":217},"end":{"line":124,"column":66}},"17":{"start":{"line":117,"column":257},"end":{"line":124,"column":64}},"18":{"start":{"line":117,"column":302},"end":{"line":124,"column":63}},"19":{"start":{"line":121,"column":12},"end":{"line":121,"column":69}},"20":{"start":{"line":124,"column":12},"end":{"line":124,"column":62}},"21":{"start":{"line":124,"column":87},"end":{"line":124,"column":153}},"22":{"start":{"line":125,"column":2},"end":{"line":128,"column":126}},"23":{"start":{"line":126,"column":4},"end":{"line":128,"column":30}},"24":{"start":{"line":127,"column":6},"end":{"line":127,"column":127}},"25":{"start":{"line":127,"column":58},"end":{"line":127,"column":124}},"26":{"start":{"line":127,"column":96},"end":{"line":127,"column":121}},"27":{"start":{"line":128,"column":6},"end":{"line":128,"column":29}},"28":{"start":{"line":128,"column":46},"end":{"line":128,"column":123}},"29":{"start":{"line":128,"column":150},"end":{"line":128,"column":267}},"30":{"start":{"line":128,"column":185},"end":{"line":128,"column":266}},"31":{"start":{"line":128,"column":237},"end":{"line":128,"column":263}}},"fnMap":{"0":{"name":"register","decl":{"start":{"line":111,"column":99},"end":{"line":111,"column":107}},"loc":{"start":{"line":111,"column":110},"end":{"line":117,"column":37}},"line":111},"1":{"name":"(anonymous_1)","decl":{"start":{"line":115,"column":46},"end":{"line":115,"column":47}},"loc":{"start":{"line":115,"column":52},"end":{"line":117,"column":33}},"line":115},"2":{"name":"registerValidSW","decl":{"start":{"line":117,"column":46},"end":{"line":117,"column":61}},"loc":{"start":{"line":117,"column":69},"end":{"line":124,"column":157}},"line":117},"3":{"name":"(anonymous_3)","decl":{"start":{"line":117,"column":115},"end":{"line":117,"column":116}},"loc":{"start":{"line":117,"column":131},"end":{"line":124,"column":69}},"line":117},"4":{"name":"(anonymous_4)","decl":{"start":{"line":117,"column":161},"end":{"line":117,"column":162}},"loc":{"start":{"line":117,"column":167},"end":{"line":124,"column":67}},"line":117},"5":{"name":"(anonymous_5)","decl":{"start":{"line":117,"column":250},"end":{"line":117,"column":251}},"loc":{"start":{"line":117,"column":256},"end":{"line":124,"column":65}},"line":117},"6":{"name":"(anonymous_6)","decl":{"start":{"line":124,"column":77},"end":{"line":124,"column":78}},"loc":{"start":{"line":124,"column":86},"end":{"line":124,"column":154}},"line":124},"7":{"name":"checkValidServiceWorker","decl":{"start":{"line":124,"column":166},"end":{"line":124,"column":189}},"loc":{"start":{"line":124,"column":197},"end":{"line":128,"column":127}},"line":124},"8":{"name":"(anonymous_8)","decl":{"start":{"line":125,"column":20},"end":{"line":125,"column":21}},"loc":{"start":{"line":125,"column":32},"end":{"line":128,"column":31}},"line":125},"9":{"name":"(anonymous_9)","decl":{"start":{"line":127,"column":41},"end":{"line":127,"column":42}},"loc":{"start":{"line":127,"column":57},"end":{"line":127,"column":125}},"line":127},"10":{"name":"(anonymous_10)","decl":{"start":{"line":127,"column":89},"end":{"line":127,"column":90}},"loc":{"start":{"line":127,"column":95},"end":{"line":127,"column":122}},"line":127},"11":{"name":"(anonymous_11)","decl":{"start":{"line":128,"column":39},"end":{"line":128,"column":40}},"loc":{"start":{"line":128,"column":45},"end":{"line":128,"column":124}},"line":128},"12":{"name":"unregister","decl":{"start":{"line":128,"column":136},"end":{"line":128,"column":146}},"loc":{"start":{"line":128,"column":149},"end":{"line":128,"column":268}},"line":128},"13":{"name":"(anonymous_13)","decl":{"start":{"line":128,"column":220},"end":{"line":128,"column":221}},"loc":{"start":{"line":128,"column":236},"end":{"line":128,"column":264}},"line":128}},"branchMap":{"0":{"loc":{"start":{"line":109,"column":28},"end":{"line":111,"column":88}},"type":"binary-expr","locations":[{"start":{"line":109,"column":28},"end":{"line":109,"column":68}},{"start":{"line":110,"column":0},"end":{"line":110,"column":36}},{"start":{"line":111,"column":0},"end":{"line":111,"column":88}}],"line":109},"1":{"loc":{"start":{"line":111,"column":111},"end":{"line":117,"column":36}},"type":"if","locations":[{"start":{"line":111,"column":111},"end":{"line":117,"column":36}},{"start":{"line":111,"column":111},"end":{"line":117,"column":36}}],"line":111},"2":{"loc":{"start":{"line":111,"column":115},"end":{"line":111,"column":184}},"type":"binary-expr","locations":[{"start":{"line":111,"column":115},"end":{"line":111,"column":152}},{"start":{"line":111,"column":156},"end":{"line":111,"column":184}}],"line":111},"3":{"loc":{"start":{"line":112,"column":71},"end":{"line":115,"column":14}},"type":"if","locations":[{"start":{"line":112,"column":71},"end":{"line":115,"column":14}},{"start":{"line":112,"column":71},"end":{"line":115,"column":14}}],"line":112},"4":{"loc":{"start":{"line":115,"column":113},"end":{"line":117,"column":32}},"type":"if","locations":[{"start":{"line":115,"column":113},"end":{"line":117,"column":32}},{"start":{"line":115,"column":113},"end":{"line":117,"column":32}}],"line":115},"5":{"loc":{"start":{"line":117,"column":257},"end":{"line":124,"column":64}},"type":"if","locations":[{"start":{"line":117,"column":257},"end":{"line":124,"column":64}},{"start":{"line":117,"column":257},"end":{"line":124,"column":64}}],"line":117},"6":{"loc":{"start":{"line":117,"column":302},"end":{"line":124,"column":63}},"type":"if","locations":[{"start":{"line":117,"column":302},"end":{"line":124,"column":63}},{"start":{"line":117,"column":302},"end":{"line":124,"column":63}}],"line":117},"7":{"loc":{"start":{"line":126,"column":4},"end":{"line":128,"column":30}},"type":"if","locations":[{"start":{"line":126,"column":4},"end":{"line":128,"column":30}},{"start":{"line":126,"column":4},"end":{"line":128,"column":30}}],"line":126},"8":{"loc":{"start":{"line":126,"column":8},"end":{"line":126,"column":100}},"type":"binary-expr","locations":[{"start":{"line":126,"column":8},"end":{"line":126,"column":31}},{"start":{"line":126,"column":35},"end":{"line":126,"column":100}}],"line":126},"9":{"loc":{"start":{"line":128,"column":150},"end":{"line":128,"column":267}},"type":"if","locations":[{"start":{"line":128,"column":150},"end":{"line":128,"column":267}},{"start":{"line":128,"column":150},"end":{"line":128,"column":267}}],"line":128}},"s":{"0":0,"1":0,"2":0,"3":0,"4":0,"5":0,"6":0,"7":0,"8":0,"9":0,"10":0,"11":0,"12":0,"13":0,"14":0,"15":0,"16":0,"17":0,"18":0,"19":0,"20":0,"21":0,"22":0,"23":0,"24":0,"25":0,"26":0,"27":0,"28":0,"29":0,"30":0,"31":0},"f":{"0":0,"1":0,"2":0,"3":0,"4":0,"5":0,"6":0,"7":0,"8":0,"9":0,"10":0,"11":0,"12":0,"13":0},"b":{"0":[0,0,0],"1":[0,0],"2":[0,0],"3":[0,0],"4":[0,0],"5":[0,0],"6":[0,0],"7":[0,0],"8":[0,0],"9":[0,0]}}
,"/Users/franciscosanchez/Documents/Sites/stocks/src/actions/index.js": {"path":"/Users/franciscosanchez/Documents/Sites/stocks/src/actions/index.js","statementMap":{"0":{"start":{"line":1,"column":34},"end":{"line":6,"column":1}},"1":{"start":{"line":2,"column":2},"end":{"line":5,"column":3}}},"fnMap":{"0":{"name":"(anonymous_0)","decl":{"start":{"line":1,"column":34},"end":{"line":1,"column":35}},"loc":{"start":{"line":1,"column":44},"end":{"line":6,"column":1}},"line":1}},"branchMap":{},"s":{"0":1,"1":0},"f":{"0":0},"b":{},"_coverageSchema":"332fd63041d2c1bcb487cc26dd0d5f7d97098a6c","hash":"3c82622aeb984822676a448c908b587ba56ba617"}
,"/Users/franciscosanchez/Documents/Sites/stocks/src/components/App.js": {"path":"/Users/franciscosanchez/Documents/Sites/stocks/src/components/App.js","statementMap":{"0":{"start":{"line":9,"column":4},"end":{"line":9,"column":12}},"1":{"start":{"line":10,"column":4},"end":{"line":10,"column":39}},"2":{"start":{"line":11,"column":4},"end":{"line":11,"column":49}},"3":{"start":{"line":15,"column":4},"end":{"line":15,"column":43}},"4":{"start":{"line":19,"column":4},"end":{"line":19,"column":41}},"5":{"start":{"line":23,"column":22},"end":{"line":23,"column":30}},"6":{"start":{"line":24,"column":4},"end":{"line":24,"column":73}},"7":{"start":{"line":28,"column":4},"end":{"line":37,"column":6}},"8":{"start":{"line":41,"column":0},"end":{"line":43,"column":2}}},"fnMap":{"0":{"name":"(anonymous_0)","decl":{"start":{"line":8,"column":2},"end":{"line":8,"column":3}},"loc":{"start":{"line":8,"column":16},"end":{"line":12,"column":3}},"line":8},"1":{"name":"(anonymous_1)","decl":{"start":{"line":14,"column":2},"end":{"line":14,"column":3}},"loc":{"start":{"line":14,"column":20},"end":{"line":16,"column":3}},"line":14},"2":{"name":"(anonymous_2)","decl":{"start":{"line":18,"column":2},"end":{"line":18,"column":3}},"loc":{"start":{"line":18,"column":20},"end":{"line":20,"column":3}},"line":18},"3":{"name":"(anonymous_3)","decl":{"start":{"line":22,"column":2},"end":{"line":22,"column":3}},"loc":{"start":{"line":22,"column":26},"end":{"line":25,"column":3}},"line":22},"4":{"name":"(anonymous_4)","decl":{"start":{"line":27,"column":2},"end":{"line":27,"column":3}},"loc":{"start":{"line":27,"column":11},"end":{"line":38,"column":3}},"line":27}},"branchMap":{"0":{"loc":{"start":{"line":24,"column":11},"end":{"line":24,"column":72}},"type":"cond-expr","locations":[{"start":{"line":24,"column":35},"end":{"line":24,"column":60}},{"start":{"line":24,"column":63},"end":{"line":24,"column":72}}],"line":24}},"s":{"0":1,"1":1,"2":1,"3":1,"4":0,"5":1,"6":1,"7":1,"8":1},"f":{"0":1,"1":1,"2":0,"3":1,"4":1},"b":{"0":[0,1]},"_coverageSchema":"332fd63041d2c1bcb487cc26dd0d5f7d97098a6c","hash":"d37ce7504f59943d811653204ae34ec9c84704dc"}
,"/Users/franciscosanchez/Documents/Sites/stocks/src/components/BlankSlate.js": {"path":"/Users/franciscosanchez/Documents/Sites/stocks/src/components/BlankSlate.js","statementMap":{"0":{"start":{"line":6,"column":4},"end":{"line":15,"column":6}},"1":{"start":{"line":19,"column":4},"end":{"line":24,"column":5}},"2":{"start":{"line":28,"column":0},"end":{"line":30,"column":2}}},"fnMap":{"0":{"name":"(anonymous_0)","decl":{"start":{"line":5,"column":2},"end":{"line":5,"column":3}},"loc":{"start":{"line":5,"column":16},"end":{"line":16,"column":3}},"line":5},"1":{"name":"(anonymous_1)","decl":{"start":{"line":18,"column":2},"end":{"line":18,"column":3}},"loc":{"start":{"line":18,"column":11},"end":{"line":25,"column":3}},"line":18}},"branchMap":{},"s":{"0":0,"1":0,"2":1},"f":{"0":0,"1":0},"b":{},"_coverageSchema":"332fd63041d2c1bcb487cc26dd0d5f7d97098a6c","hash":"3ff26a37f68e302539aa961bc0c5e44bfb7b551a"}
,"/Users/franciscosanchez/Documents/Sites/stocks/src/components/Button.js": {"path":"/Users/franciscosanchez/Documents/Sites/stocks/src/components/Button.js","statementMap":{"0":{"start":{"line":4,"column":22},"end":{"line":9,"column":1}},"1":{"start":{"line":13,"column":4},"end":{"line":15,"column":6}},"2":{"start":{"line":19,"column":0},"end":{"line":21,"column":2}},"3":{"start":{"line":23,"column":0},"end":{"line":25,"column":2}}},"fnMap":{"0":{"name":"(anonymous_0)","decl":{"start":{"line":12,"column":2},"end":{"line":12,"column":3}},"loc":{"start":{"line":12,"column":11},"end":{"line":16,"column":3}},"line":12}},"branchMap":{},"s":{"0":1,"1":0,"2":1,"3":1},"f":{"0":0},"b":{},"_coverageSchema":"332fd63041d2c1bcb487cc26dd0d5f7d97098a6c","hash":"22a288f28c2428173bea4d8c95a8454b5937d858"}
,"/Users/franciscosanchez/Documents/Sites/stocks/src/components/ChartLine.js": {"path":"/Users/franciscosanchez/Documents/Sites/stocks/src/components/ChartLine.js","statementMap":{"0":{"start":{"line":8,"column":41},"end":{"line":8,"column":51}},"1":{"start":{"line":9,"column":18},"end":{"line":11,"column":31}},"2":{"start":{"line":12,"column":22},"end":{"line":22,"column":5}},"3":{"start":{"line":24,"column":25},"end":{"line":39,"column":5}},"4":{"start":{"line":41,"column":4},"end":{"line":43,"column":6}},"5":{"start":{"line":47,"column":0},"end":{"line":51,"column":2}}},"fnMap":{"0":{"name":"(anonymous_0)","decl":{"start":{"line":7,"column":2},"end":{"line":7,"column":3}},"loc":{"start":{"line":7,"column":11},"end":{"line":44,"column":3}},"line":7}},"branchMap":{"0":{"loc":{"start":{"line":9,"column":18},"end":{"line":11,"column":31}},"type":"cond-expr","locations":[{"start":{"line":10,"column":8},"end":{"line":10,"column":31}},{"start":{"line":11,"column":8},"end":{"line":11,"column":31}}],"line":9}},"s":{"0":0,"1":0,"2":0,"3":0,"4":0,"5":1},"f":{"0":0},"b":{"0":[0,0]},"_coverageSchema":"332fd63041d2c1bcb487cc26dd0d5f7d97098a6c","hash":"849cca2997eaf5f578f4abd7a473adadc2ff149f"}
,"/Users/franciscosanchez/Documents/Sites/stocks/src/components/CurrencyDetailItem.js": {"path":"/Users/franciscosanchez/Documents/Sites/stocks/src/components/CurrencyDetailItem.js","statementMap":{"0":{"start":{"line":10,"column":4},"end":{"line":10,"column":12}},"1":{"start":{"line":11,"column":4},"end":{"line":11,"column":59}},"2":{"start":{"line":15,"column":4},"end":{"line":15,"column":35}},"3":{"start":{"line":19,"column":19},"end":{"line":19,"column":107}},"4":{"start":{"line":20,"column":26},"end":{"line":20,"column":124}},"5":{"start":{"line":21,"column":22},"end":{"line":21,"column":85}},"6":{"start":{"line":23,"column":4},"end":{"line":25,"column":5}},"7":{"start":{"line":29,"column":33},"end":{"line":29,"column":43}},"8":{"start":{"line":31,"column":4},"end":{"line":79,"column":5}},"9":{"start":{"line":33,"column":29},"end":{"line":33,"column":69}},"10":{"start":{"line":35,"column":6},"end":{"line":69,"column":7}},"11":{"start":{"line":71,"column":6},"end":{"line":78,"column":7}},"12":{"start":{"line":83,"column":4},"end":{"line":95,"column":6}},"13":{"start":{"line":99,"column":4},"end":{"line":99,"column":44}},"14":{"start":{"line":103,"column":0},"end":{"line":105,"column":2}},"15":{"start":{"line":107,"column":0},"end":{"line":109,"column":2}}},"fnMap":{"0":{"name":"(anonymous_0)","decl":{"start":{"line":9,"column":2},"end":{"line":9,"column":3}},"loc":{"start":{"line":9,"column":16},"end":{"line":12,"column":3}},"line":9},"1":{"name":"(anonymous_1)","decl":{"start":{"line":14,"column":2},"end":{"line":14,"column":3}},"loc":{"start":{"line":14,"column":20},"end":{"line":16,"column":3}},"line":14},"2":{"name":"(anonymous_2)","decl":{"start":{"line":18,"column":2},"end":{"line":18,"column":3}},"loc":{"start":{"line":18,"column":36},"end":{"line":26,"column":3}},"line":18},"3":{"name":"(anonymous_3)","decl":{"start":{"line":28,"column":2},"end":{"line":28,"column":3}},"loc":{"start":{"line":28,"column":30},"end":{"line":80,"column":3}},"line":28},"4":{"name":"(anonymous_4)","decl":{"start":{"line":82,"column":2},"end":{"line":82,"column":3}},"loc":{"start":{"line":82,"column":21},"end":{"line":96,"column":3}},"line":82},"5":{"name":"(anonymous_5)","decl":{"start":{"line":98,"column":2},"end":{"line":98,"column":3}},"loc":{"start":{"line":98,"column":11},"end":{"line":100,"column":3}},"line":98}},"branchMap":{"0":{"loc":{"start":{"line":31,"column":4},"end":{"line":79,"column":5}},"type":"if","locations":[{"start":{"line":31,"column":4},"end":{"line":79,"column":5}},{"start":{"line":31,"column":4},"end":{"line":79,"column":5}}],"line":31}},"s":{"0":0,"1":0,"2":0,"3":0,"4":0,"5":0,"6":0,"7":0,"8":0,"9":0,"10":0,"11":0,"12":0,"13":0,"14":1,"15":1},"f":{"0":0,"1":0,"2":0,"3":0,"4":0,"5":0},"b":{"0":[0,0]},"_coverageSchema":"332fd63041d2c1bcb487cc26dd0d5f7d97098a6c","hash":"4cc55ed3637d6bd9c7c98303818676e4fdb355b6"}
,"/Users/franciscosanchez/Documents/Sites/stocks/src/components/CurrencyListItem.js": {"path":"/Users/franciscosanchez/Documents/Sites/stocks/src/components/CurrencyListItem.js","statementMap":{"0":{"start":{"line":8,"column":4},"end":{"line":12,"column":6}},"1":{"start":{"line":16,"column":4},"end":{"line":22,"column":6}},"2":{"start":{"line":26,"column":20},"end":{"line":26,"column":39}},"3":{"start":{"line":27,"column":4},"end":{"line":27,"column":54}},"4":{"start":{"line":28,"column":4},"end":{"line":28,"column":21}},"5":{"start":{"line":32,"column":42},"end":{"line":32,"column":52}},"6":{"start":{"line":33,"column":27},"end":{"line":33,"column":51}},"7":{"start":{"line":35,"column":4},"end":{"line":48,"column":6}},"8":{"start":{"line":38,"column":23},"end":{"line":38,"column":40}},"9":{"start":{"line":52,"column":0},"end":{"line":58,"column":2}}},"fnMap":{"0":{"name":"(anonymous_0)","decl":{"start":{"line":7,"column":2},"end":{"line":7,"column":3}},"loc":{"start":{"line":7,"column":35},"end":{"line":13,"column":3}},"line":7},"1":{"name":"(anonymous_1)","decl":{"start":{"line":15,"column":2},"end":{"line":15,"column":3}},"loc":{"start":{"line":15,"column":32},"end":{"line":23,"column":3}},"line":15},"2":{"name":"(anonymous_2)","decl":{"start":{"line":25,"column":2},"end":{"line":25,"column":3}},"loc":{"start":{"line":25,"column":24},"end":{"line":29,"column":3}},"line":25},"3":{"name":"(anonymous_3)","decl":{"start":{"line":31,"column":2},"end":{"line":31,"column":3}},"loc":{"start":{"line":31,"column":11},"end":{"line":49,"column":3}},"line":31},"4":{"name":"(anonymous_4)","decl":{"start":{"line":38,"column":17},"end":{"line":38,"column":18}},"loc":{"start":{"line":38,"column":23},"end":{"line":38,"column":40}},"line":38}},"branchMap":{"0":{"loc":{"start":{"line":27,"column":17},"end":{"line":27,"column":53}},"type":"cond-expr","locations":[{"start":{"line":27,"column":39},"end":{"line":27,"column":48}},{"start":{"line":27,"column":51},"end":{"line":27,"column":53}}],"line":27}},"s":{"0":0,"1":0,"2":0,"3":0,"4":0,"5":0,"6":0,"7":0,"8":0,"9":1},"f":{"0":0,"1":0,"2":0,"3":0,"4":0},"b":{"0":[0,0]},"_coverageSchema":"332fd63041d2c1bcb487cc26dd0d5f7d97098a6c","hash":"51478634b61cdb70a4387f26a10109a814f24269"}
,"/Users/franciscosanchez/Documents/Sites/stocks/src/containers/CurrencyDetail.js": {"path":"/Users/franciscosanchez/Documents/Sites/stocks/src/containers/CurrencyDetail.js","statementMap":{"0":{"start":{"line":8,"column":4},"end":{"line":8,"column":80}},"1":{"start":{"line":12,"column":0},"end":{"line":14,"column":2}},"2":{"start":{"line":16,"column":24},"end":{"line":18,"column":2}},"3":{"start":{"line":16,"column":36},"end":{"line":18,"column":1}}},"fnMap":{"0":{"name":"(anonymous_0)","decl":{"start":{"line":7,"column":2},"end":{"line":7,"column":3}},"loc":{"start":{"line":7,"column":11},"end":{"line":9,"column":3}},"line":7},"1":{"name":"(anonymous_1)","decl":{"start":{"line":16,"column":24},"end":{"line":16,"column":25}},"loc":{"start":{"line":16,"column":36},"end":{"line":18,"column":1}},"line":16}},"branchMap":{},"s":{"0":0,"1":1,"2":1,"3":0},"f":{"0":0,"1":0},"b":{},"_coverageSchema":"332fd63041d2c1bcb487cc26dd0d5f7d97098a6c","hash":"a21662d41655e7690e45c015b7918b56afd93c10"}
,"/Users/franciscosanchez/Documents/Sites/stocks/src/containers/CurrencyList.js": {"path":"/Users/franciscosanchez/Documents/Sites/stocks/src/containers/CurrencyList.js","statementMap":{"0":{"start":{"line":9,"column":4},"end":{"line":9,"column":12}},"1":{"start":{"line":10,"column":4},"end":{"line":10,"column":51}},"2":{"start":{"line":11,"column":4},"end":{"line":11,"column":38}},"3":{"start":{"line":15,"column":4},"end":{"line":15,"column":33}},"4":{"start":{"line":16,"column":4},"end":{"line":16,"column":34}},"5":{"start":{"line":17,"column":4},"end":{"line":17,"column":42}},"6":{"start":{"line":21,"column":29},"end":{"line":21,"column":39}},"7":{"start":{"line":23,"column":4},"end":{"line":32,"column":7}},"8":{"start":{"line":24,"column":6},"end":{"line":31,"column":8}},"9":{"start":{"line":36,"column":4},"end":{"line":40,"column":6}},"10":{"start":{"line":44,"column":0},"end":{"line":46,"column":2}},"11":{"start":{"line":48,"column":0},"end":{"line":50,"column":2}},"12":{"start":{"line":52,"column":24},"end":{"line":54,"column":2}},"13":{"start":{"line":52,"column":36},"end":{"line":54,"column":1}},"14":{"start":{"line":56,"column":27},"end":{"line":60,"column":2}},"15":{"start":{"line":56,"column":42},"end":{"line":60,"column":1}},"16":{"start":{"line":58,"column":4},"end":{"line":58,"column":38}}},"fnMap":{"0":{"name":"(anonymous_0)","decl":{"start":{"line":8,"column":2},"end":{"line":8,"column":3}},"loc":{"start":{"line":8,"column":16},"end":{"line":12,"column":3}},"line":8},"1":{"name":"(anonymous_1)","decl":{"start":{"line":14,"column":2},"end":{"line":14,"column":3}},"loc":{"start":{"line":14,"column":20},"end":{"line":18,"column":3}},"line":14},"2":{"name":"(anonymous_2)","decl":{"start":{"line":20,"column":2},"end":{"line":20,"column":3}},"loc":{"start":{"line":20,"column":23},"end":{"line":33,"column":3}},"line":20},"3":{"name":"(anonymous_3)","decl":{"start":{"line":23,"column":41},"end":{"line":23,"column":42}},"loc":{"start":{"line":24,"column":6},"end":{"line":31,"column":8}},"line":24},"4":{"name":"(anonymous_4)","decl":{"start":{"line":35,"column":2},"end":{"line":35,"column":3}},"loc":{"start":{"line":35,"column":11},"end":{"line":41,"column":3}},"line":35},"5":{"name":"(anonymous_5)","decl":{"start":{"line":52,"column":24},"end":{"line":52,"column":25}},"loc":{"start":{"line":52,"column":36},"end":{"line":54,"column":1}},"line":52},"6":{"name":"(anonymous_6)","decl":{"start":{"line":56,"column":27},"end":{"line":56,"column":28}},"loc":{"start":{"line":56,"column":42},"end":{"line":60,"column":1}},"line":56},"7":{"name":"(anonymous_7)","decl":{"start":{"line":57,"column":15},"end":{"line":57,"column":16}},"loc":{"start":{"line":58,"column":4},"end":{"line":58,"column":38}},"line":58}},"branchMap":{},"s":{"0":0,"1":0,"2":0,"3":0,"4":0,"5":0,"6":0,"7":0,"8":0,"9":0,"10":1,"11":1,"12":1,"13":0,"14":1,"15":0,"16":0},"f":{"0":0,"1":0,"2":0,"3":0,"4":0,"5":0,"6":0,"7":0},"b":{},"_coverageSchema":"332fd63041d2c1bcb487cc26dd0d5f7d97098a6c","hash":"a3a2beeb410a385333dae66b0127b3b698f393b9"}
,"/Users/franciscosanchez/Documents/Sites/stocks/src/lib/valueFeedback.js": {"path":"/Users/franciscosanchez/Documents/Sites/stocks/src/lib/valueFeedback.js","statementMap":{"0":{"start":{"line":1,"column":24},"end":{"line":4,"column":1}},"1":{"start":{"line":7,"column":23},"end":{"line":7,"column":59}},"2":{"start":{"line":8,"column":24},"end":{"line":8,"column":33}},"3":{"start":{"line":9,"column":19},"end":{"line":11,"column":33}},"4":{"start":{"line":13,"column":2},"end":{"line":13,"column":51}}},"fnMap":{"0":{"name":"getValueFeedback","decl":{"start":{"line":6,"column":24},"end":{"line":6,"column":40}},"loc":{"start":{"line":6,"column":49},"end":{"line":14,"column":1}},"line":6}},"branchMap":{"0":{"loc":{"start":{"line":9,"column":19},"end":{"line":11,"column":33}},"type":"cond-expr","locations":[{"start":{"line":10,"column":6},"end":{"line":10,"column":33}},{"start":{"line":11,"column":6},"end":{"line":11,"column":33}}],"line":9}},"s":{"0":1,"1":0,"2":0,"3":0,"4":0},"f":{"0":0},"b":{"0":[0,0]},"_coverageSchema":"332fd63041d2c1bcb487cc26dd0d5f7d97098a6c","hash":"8fbd7801fe73d6d5b6a1848cc244dfdff71abfd7"}
,"/Users/franciscosanchez/Documents/Sites/stocks/src/reducers/currencyDetail.js": {"path":"/Users/franciscosanchez/Documents/Sites/stocks/src/reducers/currencyDetail.js","statementMap":{"0":{"start":{"line":1,"column":13},"end":{"line":1,"column":75}},"1":{"start":{"line":1,"column":98},"end":{"line":19,"column":1}},"2":{"start":{"line":2,"column":2},"end":{"line":15,"column":18}},"3":{"start":{"line":4,"column":6},"end":{"line":8,"column":44}},"4":{"start":{"line":12,"column":6},"end":{"line":15,"column":17}},"5":{"start":{"line":19,"column":2},"end":{"line":21,"column":15}}},"fnMap":{"0":{"name":"(anonymous_0)","decl":{"start":{"line":1,"column":98},"end":{"line":1,"column":99}},"loc":{"start":{"line":1,"column":122},"end":{"line":19,"column":1}},"line":1}},"branchMap":{"0":{"loc":{"start":{"line":1,"column":99},"end":{"line":1,"column":109}},"type":"default-arg","locations":[{"start":{"line":1,"column":107},"end":{"line":1,"column":109}}],"line":1},"1":{"loc":{"start":{"line":2,"column":2},"end":{"line":15,"column":18}},"type":"switch","locations":[{"start":{"line":3,"column":4},"end":{"line":8,"column":44}},{"start":{"line":11,"column":4},"end":{"line":15,"column":17}}],"line":2}},"s":{"0":0,"1":0,"2":0,"3":0,"4":0,"5":0},"f":{"0":0},"b":{"0":[0],"1":[0,0]}}
,"/Users/franciscosanchez/Documents/Sites/stocks/src/reducers/index.js": {"path":"/Users/franciscosanchez/Documents/Sites/stocks/src/reducers/index.js","statementMap":{"0":{"start":{"line":1,"column":13},"end":{"line":1,"column":75}},"1":{"start":{"line":1,"column":88},"end":{"line":1,"column":104}},"2":{"start":{"line":2,"column":22},"end":{"line":2,"column":49}},"3":{"start":{"line":2,"column":73},"end":{"line":2,"column":112}},"4":{"start":{"line":2,"column":151},"end":{"line":2,"column":205}},"5":{"start":{"line":4,"column":22},"end":{"line":5,"column":41}},"6":{"start":{"line":5,"column":42},"end":{"line":8,"column":14}}},"fnMap":{"0":{"name":"_interopRequireDefault","decl":{"start":{"line":2,"column":122},"end":{"line":2,"column":144}},"loc":{"start":{"line":2,"column":150},"end":{"line":2,"column":206}},"line":2}},"branchMap":{"0":{"loc":{"start":{"line":2,"column":158},"end":{"line":2,"column":204}},"type":"cond-expr","locations":[{"start":{"line":2,"column":182},"end":{"line":2,"column":185}},{"start":{"line":2,"column":188},"end":{"line":2,"column":204}}],"line":2},"1":{"loc":{"start":{"line":2,"column":158},"end":{"line":2,"column":179}},"type":"binary-expr","locations":[{"start":{"line":2,"column":158},"end":{"line":2,"column":161}},{"start":{"line":2,"column":165},"end":{"line":2,"column":179}}],"line":2}},"s":{"0":0,"1":0,"2":0,"3":0,"4":0,"5":0,"6":0},"f":{"0":0},"b":{"0":[0,0],"1":[0,0]}}
}
