{"/Users/franciscosanchez/Documents/Sites/stocks/src/actions/index.js": {"path":"/Users/franciscosanchez/Documents/Sites/stocks/src/actions/index.js","statementMap":{"0":{"start":{"line":1,"column":27},"end":{"line":4,"column":2}},"1":{"start":{"line":1,"column":38},"end":{"line":4,"column":1}}},"fnMap":{"0":{"name":"(anonymous_0)","decl":{"start":{"line":1,"column":27},"end":{"line":1,"column":28}},"loc":{"start":{"line":1,"column":38},"end":{"line":4,"column":1}},"line":1}},"branchMap":{},"s":{"0":1,"1":0},"f":{"0":0},"b":{},"_coverageSchema":"332fd63041d2c1bcb487cc26dd0d5f7d97098a6c","hash":"9008fc82f43c2437097f3ba913d376d0b62c651d"}
,"/Users/franciscosanchez/Documents/Sites/stocks/src/components/App.js": {"path":"/Users/franciscosanchez/Documents/Sites/stocks/src/components/App.js","statementMap":{"0":{"start":{"line":9,"column":4},"end":{"line":9,"column":12}},"1":{"start":{"line":10,"column":4},"end":{"line":10,"column":39}},"2":{"start":{"line":11,"column":4},"end":{"line":11,"column":49}},"3":{"start":{"line":15,"column":4},"end":{"line":15,"column":43}},"4":{"start":{"line":19,"column":4},"end":{"line":19,"column":41}},"5":{"start":{"line":23,"column":22},"end":{"line":23,"column":30}},"6":{"start":{"line":24,"column":4},"end":{"line":24,"column":73}},"7":{"start":{"line":28,"column":4},"end":{"line":37,"column":6}},"8":{"start":{"line":41,"column":0},"end":{"line":43,"column":2}}},"fnMap":{"0":{"name":"(anonymous_0)","decl":{"start":{"line":8,"column":2},"end":{"line":8,"column":3}},"loc":{"start":{"line":8,"column":16},"end":{"line":12,"column":3}},"line":8},"1":{"name":"(anonymous_1)","decl":{"start":{"line":14,"column":2},"end":{"line":14,"column":3}},"loc":{"start":{"line":14,"column":20},"end":{"line":16,"column":3}},"line":14},"2":{"name":"(anonymous_2)","decl":{"start":{"line":18,"column":2},"end":{"line":18,"column":3}},"loc":{"start":{"line":18,"column":20},"end":{"line":20,"column":3}},"line":18},"3":{"name":"(anonymous_3)","decl":{"start":{"line":22,"column":2},"end":{"line":22,"column":3}},"loc":{"start":{"line":22,"column":26},"end":{"line":25,"column":3}},"line":22},"4":{"name":"(anonymous_4)","decl":{"start":{"line":27,"column":2},"end":{"line":27,"column":3}},"loc":{"start":{"line":27,"column":11},"end":{"line":38,"column":3}},"line":27}},"branchMap":{"0":{"loc":{"start":{"line":24,"column":11},"end":{"line":24,"column":72}},"type":"cond-expr","locations":[{"start":{"line":24,"column":35},"end":{"line":24,"column":60}},{"start":{"line":24,"column":63},"end":{"line":24,"column":72}}],"line":24}},"s":{"0":1,"1":1,"2":1,"3":1,"4":1,"5":2,"6":2,"7":2,"8":1},"f":{"0":1,"1":1,"2":1,"3":2,"4":2},"b":{"0":[1,1]},"_coverageSchema":"332fd63041d2c1bcb487cc26dd0d5f7d97098a6c","hash":"d37ce7504f59943d811653204ae34ec9c84704dc"}
,"/Users/franciscosanchez/Documents/Sites/stocks/src/components/BlankSlate.js": {"path":"/Users/franciscosanchez/Documents/Sites/stocks/src/components/BlankSlate.js","statementMap":{"0":{"start":{"line":6,"column":4},"end":{"line":15,"column":6}},"1":{"start":{"line":19,"column":4},"end":{"line":24,"column":6}},"2":{"start":{"line":28,"column":0},"end":{"line":30,"column":2}},"3":{"start":{"line":32,"column":0},"end":{"line":34,"column":2}}},"fnMap":{"0":{"name":"(anonymous_0)","decl":{"start":{"line":5,"column":2},"end":{"line":5,"column":3}},"loc":{"start":{"line":5,"column":16},"end":{"line":16,"column":3}},"line":5},"1":{"name":"(anonymous_1)","decl":{"start":{"line":18,"column":2},"end":{"line":18,"column":3}},"loc":{"start":{"line":18,"column":11},"end":{"line":25,"column":3}},"line":18}},"branchMap":{},"s":{"0":5,"1":5,"2":3,"3":3},"f":{"0":5,"1":5},"b":{},"_coverageSchema":"332fd63041d2c1bcb487cc26dd0d5f7d97098a6c","hash":"7c3e144735b2358cebe0ff3f863ce51c52243f5c"}
,"/Users/franciscosanchez/Documents/Sites/stocks/src/components/Button.js": {"path":"/Users/franciscosanchez/Documents/Sites/stocks/src/components/Button.js","statementMap":{"0":{"start":{"line":4,"column":22},"end":{"line":9,"column":1}},"1":{"start":{"line":11,"column":15},"end":{"line":13,"column":1}},"2":{"start":{"line":12,"column":2},"end":{"line":12,"column":46}},"3":{"start":{"line":15,"column":0},"end":{"line":21,"column":2}},"4":{"start":{"line":23,"column":0},"end":{"line":26,"column":2}}},"fnMap":{"0":{"name":"(anonymous_0)","decl":{"start":{"line":11,"column":15},"end":{"line":11,"column":16}},"loc":{"start":{"line":12,"column":2},"end":{"line":12,"column":46}},"line":12}},"branchMap":{},"s":{"0":3,"1":3,"2":4,"3":3,"4":3},"f":{"0":4},"b":{},"_coverageSchema":"332fd63041d2c1bcb487cc26dd0d5f7d97098a6c","hash":"0f5b03f41fcda78eeba29da1f200d789e3a3cce4"}
,"/Users/franciscosanchez/Documents/Sites/stocks/src/components/ChartLine.js": {"path":"/Users/franciscosanchez/Documents/Sites/stocks/src/components/ChartLine.js","statementMap":{"0":{"start":{"line":6,"column":18},"end":{"line":43,"column":1}},"1":{"start":{"line":7,"column":16},"end":{"line":9,"column":29}},"2":{"start":{"line":11,"column":20},"end":{"line":21,"column":3}},"3":{"start":{"line":23,"column":23},"end":{"line":38,"column":3}},"4":{"start":{"line":40,"column":2},"end":{"line":42,"column":4}},"5":{"start":{"line":45,"column":0},"end":{"line":49,"column":2}},"6":{"start":{"line":51,"column":0},"end":{"line":54,"column":2}}},"fnMap":{"0":{"name":"(anonymous_0)","decl":{"start":{"line":6,"column":18},"end":{"line":6,"column":19}},"loc":{"start":{"line":6,"column":52},"end":{"line":43,"column":1}},"line":6}},"branchMap":{"0":{"loc":{"start":{"line":7,"column":16},"end":{"line":9,"column":29}},"type":"cond-expr","locations":[{"start":{"line":8,"column":6},"end":{"line":8,"column":29}},{"start":{"line":9,"column":6},"end":{"line":9,"column":29}}],"line":7}},"s":{"0":3,"1":2,"2":2,"3":2,"4":2,"5":3,"6":3},"f":{"0":2},"b":{"0":[0,2]},"_coverageSchema":"332fd63041d2c1bcb487cc26dd0d5f7d97098a6c","hash":"9b05dfa3acb516e34b6cfeaa699b2878af402981"}
,"/Users/franciscosanchez/Documents/Sites/stocks/src/components/CurrencyDetailItem.js": {"path":"/Users/franciscosanchez/Documents/Sites/stocks/src/components/CurrencyDetailItem.js","statementMap":{"0":{"start":{"line":10,"column":4},"end":{"line":10,"column":12}},"1":{"start":{"line":11,"column":4},"end":{"line":11,"column":59}},"2":{"start":{"line":15,"column":4},"end":{"line":15,"column":35}},"3":{"start":{"line":19,"column":19},"end":{"line":21,"column":22}},"4":{"start":{"line":22,"column":26},"end":{"line":24,"column":18}},"5":{"start":{"line":25,"column":22},"end":{"line":25,"column":85}},"6":{"start":{"line":27,"column":4},"end":{"line":29,"column":6}},"7":{"start":{"line":33,"column":33},"end":{"line":33,"column":43}},"8":{"start":{"line":35,"column":4},"end":{"line":76,"column":5}},"9":{"start":{"line":37,"column":29},"end":{"line":37,"column":69}},"10":{"start":{"line":39,"column":6},"end":{"line":75,"column":8}},"11":{"start":{"line":77,"column":4},"end":{"line":84,"column":6}},"12":{"start":{"line":88,"column":4},"end":{"line":109,"column":6}},"13":{"start":{"line":113,"column":4},"end":{"line":113,"column":44}},"14":{"start":{"line":117,"column":0},"end":{"line":123,"column":2}},"15":{"start":{"line":125,"column":0},"end":{"line":127,"column":2}},"16":{"start":{"line":129,"column":0},"end":{"line":131,"column":2}}},"fnMap":{"0":{"name":"(anonymous_0)","decl":{"start":{"line":9,"column":2},"end":{"line":9,"column":3}},"loc":{"start":{"line":9,"column":16},"end":{"line":12,"column":3}},"line":9},"1":{"name":"(anonymous_1)","decl":{"start":{"line":14,"column":2},"end":{"line":14,"column":3}},"loc":{"start":{"line":14,"column":20},"end":{"line":16,"column":3}},"line":14},"2":{"name":"(anonymous_2)","decl":{"start":{"line":18,"column":2},"end":{"line":18,"column":3}},"loc":{"start":{"line":18,"column":36},"end":{"line":30,"column":3}},"line":18},"3":{"name":"(anonymous_3)","decl":{"start":{"line":32,"column":2},"end":{"line":32,"column":3}},"loc":{"start":{"line":32,"column":30},"end":{"line":85,"column":3}},"line":32},"4":{"name":"(anonymous_4)","decl":{"start":{"line":87,"column":2},"end":{"line":87,"column":3}},"loc":{"start":{"line":87,"column":21},"end":{"line":110,"column":3}},"line":87},"5":{"name":"(anonymous_5)","decl":{"start":{"line":112,"column":2},"end":{"line":112,"column":3}},"loc":{"start":{"line":112,"column":11},"end":{"line":114,"column":3}},"line":112}},"branchMap":{"0":{"loc":{"start":{"line":35,"column":4},"end":{"line":76,"column":5}},"type":"if","locations":[{"start":{"line":35,"column":4},"end":{"line":76,"column":5}},{"start":{"line":35,"column":4},"end":{"line":76,"column":5}}],"line":35}},"s":{"0":2,"1":2,"2":0,"3":0,"4":0,"5":0,"6":0,"7":2,"8":2,"9":0,"10":0,"11":2,"12":0,"13":2,"14":2,"15":2,"16":2},"f":{"0":2,"1":0,"2":0,"3":2,"4":0,"5":2},"b":{"0":[0,2]},"_coverageSchema":"332fd63041d2c1bcb487cc26dd0d5f7d97098a6c","hash":"68027938f9361e823b799059cdceb7a94422ae87"}
,"/Users/franciscosanchez/Documents/Sites/stocks/src/components/CurrencyListItem.js": {"path":"/Users/franciscosanchez/Documents/Sites/stocks/src/components/CurrencyListItem.js","statementMap":{"0":{"start":{"line":8,"column":4},"end":{"line":12,"column":6}},"1":{"start":{"line":16,"column":4},"end":{"line":22,"column":6}},"2":{"start":{"line":26,"column":20},"end":{"line":26,"column":39}},"3":{"start":{"line":27,"column":4},"end":{"line":27,"column":54}},"4":{"start":{"line":28,"column":4},"end":{"line":28,"column":21}},"5":{"start":{"line":32,"column":42},"end":{"line":32,"column":52}},"6":{"start":{"line":33,"column":27},"end":{"line":33,"column":51}},"7":{"start":{"line":35,"column":4},"end":{"line":48,"column":6}},"8":{"start":{"line":38,"column":23},"end":{"line":38,"column":40}},"9":{"start":{"line":52,"column":0},"end":{"line":57,"column":2}},"10":{"start":{"line":59,"column":0},"end":{"line":61,"column":2}}},"fnMap":{"0":{"name":"(anonymous_0)","decl":{"start":{"line":7,"column":2},"end":{"line":7,"column":3}},"loc":{"start":{"line":7,"column":35},"end":{"line":13,"column":3}},"line":7},"1":{"name":"(anonymous_1)","decl":{"start":{"line":15,"column":2},"end":{"line":15,"column":3}},"loc":{"start":{"line":15,"column":32},"end":{"line":23,"column":3}},"line":15},"2":{"name":"(anonymous_2)","decl":{"start":{"line":25,"column":2},"end":{"line":25,"column":3}},"loc":{"start":{"line":25,"column":24},"end":{"line":29,"column":3}},"line":25},"3":{"name":"(anonymous_3)","decl":{"start":{"line":31,"column":2},"end":{"line":31,"column":3}},"loc":{"start":{"line":31,"column":11},"end":{"line":49,"column":3}},"line":31},"4":{"name":"(anonymous_4)","decl":{"start":{"line":38,"column":17},"end":{"line":38,"column":18}},"loc":{"start":{"line":38,"column":23},"end":{"line":38,"column":40}},"line":38}},"branchMap":{"0":{"loc":{"start":{"line":27,"column":17},"end":{"line":27,"column":53}},"type":"cond-expr","locations":[{"start":{"line":27,"column":39},"end":{"line":27,"column":48}},{"start":{"line":27,"column":51},"end":{"line":27,"column":53}}],"line":27}},"s":{"0":0,"1":0,"2":0,"3":0,"4":0,"5":0,"6":0,"7":0,"8":0,"9":1,"10":1},"f":{"0":0,"1":0,"2":0,"3":0,"4":0},"b":{"0":[0,0]},"_coverageSchema":"332fd63041d2c1bcb487cc26dd0d5f7d97098a6c","hash":"66cea7beb9eb4227bea579190237c910e77d6f1a"}
,"/Users/franciscosanchez/Documents/Sites/stocks/src/containers/CurrencyDetail.js": {"path":"/Users/franciscosanchez/Documents/Sites/stocks/src/containers/CurrencyDetail.js","statementMap":{"0":{"start":{"line":6,"column":23},"end":{"line":8,"column":1}},"1":{"start":{"line":7,"column":2},"end":{"line":7,"column":60}},"2":{"start":{"line":10,"column":0},"end":{"line":16,"column":2}},"3":{"start":{"line":18,"column":0},"end":{"line":20,"column":2}},"4":{"start":{"line":22,"column":24},"end":{"line":24,"column":2}},"5":{"start":{"line":22,"column":36},"end":{"line":24,"column":1}}},"fnMap":{"0":{"name":"(anonymous_0)","decl":{"start":{"line":6,"column":23},"end":{"line":6,"column":24}},"loc":{"start":{"line":7,"column":2},"end":{"line":7,"column":60}},"line":7},"1":{"name":"(anonymous_1)","decl":{"start":{"line":22,"column":24},"end":{"line":22,"column":25}},"loc":{"start":{"line":22,"column":36},"end":{"line":24,"column":1}},"line":22}},"branchMap":{},"s":{"0":1,"1":0,"2":1,"3":1,"4":1,"5":0},"f":{"0":0,"1":0},"b":{},"_coverageSchema":"332fd63041d2c1bcb487cc26dd0d5f7d97098a6c","hash":"bdeb0a22d263c75f5acd803f032d828d59177dd5"}
,"/Users/franciscosanchez/Documents/Sites/stocks/src/containers/CurrencyList.js": {"path":"/Users/franciscosanchez/Documents/Sites/stocks/src/containers/CurrencyList.js","statementMap":{"0":{"start":{"line":9,"column":4},"end":{"line":9,"column":12}},"1":{"start":{"line":10,"column":4},"end":{"line":10,"column":51}},"2":{"start":{"line":11,"column":4},"end":{"line":11,"column":38}},"3":{"start":{"line":15,"column":4},"end":{"line":15,"column":33}},"4":{"start":{"line":16,"column":4},"end":{"line":16,"column":34}},"5":{"start":{"line":17,"column":4},"end":{"line":17,"column":42}},"6":{"start":{"line":21,"column":29},"end":{"line":21,"column":39}},"7":{"start":{"line":23,"column":4},"end":{"line":31,"column":7}},"8":{"start":{"line":24,"column":6},"end":{"line":30,"column":8}},"9":{"start":{"line":35,"column":4},"end":{"line":39,"column":6}},"10":{"start":{"line":43,"column":0},"end":{"line":45,"column":2}},"11":{"start":{"line":47,"column":0},"end":{"line":49,"column":2}},"12":{"start":{"line":51,"column":24},"end":{"line":53,"column":2}},"13":{"start":{"line":51,"column":36},"end":{"line":53,"column":1}},"14":{"start":{"line":55,"column":27},"end":{"line":59,"column":2}},"15":{"start":{"line":55,"column":42},"end":{"line":59,"column":1}},"16":{"start":{"line":57,"column":4},"end":{"line":57,"column":38}}},"fnMap":{"0":{"name":"(anonymous_0)","decl":{"start":{"line":8,"column":2},"end":{"line":8,"column":3}},"loc":{"start":{"line":8,"column":16},"end":{"line":12,"column":3}},"line":8},"1":{"name":"(anonymous_1)","decl":{"start":{"line":14,"column":2},"end":{"line":14,"column":3}},"loc":{"start":{"line":14,"column":20},"end":{"line":18,"column":3}},"line":14},"2":{"name":"(anonymous_2)","decl":{"start":{"line":20,"column":2},"end":{"line":20,"column":3}},"loc":{"start":{"line":20,"column":23},"end":{"line":32,"column":3}},"line":20},"3":{"name":"(anonymous_3)","decl":{"start":{"line":23,"column":41},"end":{"line":23,"column":42}},"loc":{"start":{"line":24,"column":6},"end":{"line":30,"column":8}},"line":24},"4":{"name":"(anonymous_4)","decl":{"start":{"line":34,"column":2},"end":{"line":34,"column":3}},"loc":{"start":{"line":34,"column":11},"end":{"line":40,"column":3}},"line":34},"5":{"name":"(anonymous_5)","decl":{"start":{"line":51,"column":24},"end":{"line":51,"column":25}},"loc":{"start":{"line":51,"column":36},"end":{"line":53,"column":1}},"line":51},"6":{"name":"(anonymous_6)","decl":{"start":{"line":55,"column":27},"end":{"line":55,"column":28}},"loc":{"start":{"line":55,"column":42},"end":{"line":59,"column":1}},"line":55},"7":{"name":"(anonymous_7)","decl":{"start":{"line":56,"column":15},"end":{"line":56,"column":16}},"loc":{"start":{"line":57,"column":4},"end":{"line":57,"column":38}},"line":57}},"branchMap":{},"s":{"0":0,"1":0,"2":0,"3":0,"4":0,"5":0,"6":0,"7":0,"8":0,"9":0,"10":1,"11":1,"12":1,"13":0,"14":1,"15":0,"16":0},"f":{"0":0,"1":0,"2":0,"3":0,"4":0,"5":0,"6":0,"7":0},"b":{},"_coverageSchema":"332fd63041d2c1bcb487cc26dd0d5f7d97098a6c","hash":"7b0d36abdd6da0a2e7e050fc5ba59c6a87fd2326"}
,"/Users/franciscosanchez/Documents/Sites/stocks/src/lib/valueFeedback.js": {"path":"/Users/franciscosanchez/Documents/Sites/stocks/src/lib/valueFeedback.js","statementMap":{"0":{"start":{"line":1,"column":24},"end":{"line":4,"column":1}},"1":{"start":{"line":7,"column":23},"end":{"line":7,"column":61}},"2":{"start":{"line":8,"column":24},"end":{"line":8,"column":33}},"3":{"start":{"line":9,"column":19},"end":{"line":11,"column":33}},"4":{"start":{"line":13,"column":2},"end":{"line":13,"column":51}}},"fnMap":{"0":{"name":"getValueFeedback","decl":{"start":{"line":6,"column":24},"end":{"line":6,"column":40}},"loc":{"start":{"line":6,"column":49},"end":{"line":14,"column":1}},"line":6}},"branchMap":{"0":{"loc":{"start":{"line":9,"column":19},"end":{"line":11,"column":33}},"type":"cond-expr","locations":[{"start":{"line":10,"column":6},"end":{"line":10,"column":33}},{"start":{"line":11,"column":6},"end":{"line":11,"column":33}}],"line":9}},"s":{"0":3,"1":0,"2":0,"3":0,"4":0},"f":{"0":0},"b":{"0":[0,0]},"_coverageSchema":"332fd63041d2c1bcb487cc26dd0d5f7d97098a6c","hash":"5b4e5c20481cdb36dbf27df7c29f4cebf96af225"}
,"/Users/franciscosanchez/Documents/Sites/stocks/src/reducers/currencyDetail.js": {"path":"/Users/franciscosanchez/Documents/Sites/stocks/src/reducers/currencyDetail.js","statementMap":{"0":{"start":{"line":1,"column":13},"end":{"line":1,"column":75}},"1":{"start":{"line":1,"column":98},"end":{"line":19,"column":1}},"2":{"start":{"line":2,"column":2},"end":{"line":15,"column":18}},"3":{"start":{"line":4,"column":6},"end":{"line":8,"column":44}},"4":{"start":{"line":12,"column":6},"end":{"line":15,"column":17}},"5":{"start":{"line":19,"column":2},"end":{"line":21,"column":15}}},"fnMap":{"0":{"name":"(anonymous_0)","decl":{"start":{"line":1,"column":98},"end":{"line":1,"column":99}},"loc":{"start":{"line":1,"column":122},"end":{"line":19,"column":1}},"line":1}},"branchMap":{"0":{"loc":{"start":{"line":1,"column":99},"end":{"line":1,"column":109}},"type":"default-arg","locations":[{"start":{"line":1,"column":107},"end":{"line":1,"column":109}}],"line":1},"1":{"loc":{"start":{"line":2,"column":2},"end":{"line":15,"column":18}},"type":"switch","locations":[{"start":{"line":3,"column":4},"end":{"line":8,"column":44}},{"start":{"line":11,"column":4},"end":{"line":15,"column":17}}],"line":2}},"s":{"0":0,"1":0,"2":0,"3":0,"4":0,"5":0},"f":{"0":0},"b":{"0":[0],"1":[0,0]}}
,"/Users/franciscosanchez/Documents/Sites/stocks/src/reducers/index.js": {"path":"/Users/franciscosanchez/Documents/Sites/stocks/src/reducers/index.js","statementMap":{"0":{"start":{"line":1,"column":13},"end":{"line":1,"column":75}},"1":{"start":{"line":1,"column":88},"end":{"line":1,"column":104}},"2":{"start":{"line":2,"column":22},"end":{"line":2,"column":49}},"3":{"start":{"line":2,"column":73},"end":{"line":2,"column":112}},"4":{"start":{"line":2,"column":151},"end":{"line":2,"column":205}},"5":{"start":{"line":4,"column":22},"end":{"line":5,"column":41}},"6":{"start":{"line":5,"column":42},"end":{"line":8,"column":14}}},"fnMap":{"0":{"name":"_interopRequireDefault","decl":{"start":{"line":2,"column":122},"end":{"line":2,"column":144}},"loc":{"start":{"line":2,"column":150},"end":{"line":2,"column":206}},"line":2}},"branchMap":{"0":{"loc":{"start":{"line":2,"column":158},"end":{"line":2,"column":204}},"type":"cond-expr","locations":[{"start":{"line":2,"column":182},"end":{"line":2,"column":185}},{"start":{"line":2,"column":188},"end":{"line":2,"column":204}}],"line":2},"1":{"loc":{"start":{"line":2,"column":158},"end":{"line":2,"column":179}},"type":"binary-expr","locations":[{"start":{"line":2,"column":158},"end":{"line":2,"column":161}},{"start":{"line":2,"column":165},"end":{"line":2,"column":179}}],"line":2}},"s":{"0":0,"1":0,"2":0,"3":0,"4":0,"5":0,"6":0},"f":{"0":0},"b":{"0":[0,0],"1":[0,0]}}
}
