TN:
SF:/Users/franciscosanchez/Documents/Sites/stocks/src/actions/index.js
FN:1,(anonymous_0)
FNF:1
FNH:0
FNDA:0,(anonymous_0)
DA:1,1
LF:1
LH:1
BRF:0
BRH:0
end_of_record
TN:
SF:/Users/franciscosanchez/Documents/Sites/stocks/src/components/App.js
FN:8,(anonymous_0)
FN:14,(anonymous_1)
FN:18,(anonymous_2)
FN:22,(anonymous_3)
FN:27,(anonymous_4)
FNF:5
FNH:5
FNDA:1,(anonymous_0)
FNDA:1,(anonymous_1)
FNDA:1,(anonymous_2)
FNDA:2,(anonymous_3)
FNDA:2,(anonymous_4)
DA:9,1
DA:10,1
DA:11,1
DA:15,1
DA:19,1
DA:23,2
DA:24,2
DA:28,2
DA:41,1
LF:9
LH:9
BRDA:24,0,0,1
BRDA:24,0,1,1
BRF:2
BRH:2
end_of_record
TN:
SF:/Users/franciscosanchez/Documents/Sites/stocks/src/components/BlankSlate.js
FN:5,(anonymous_0)
FN:18,(anonymous_1)
FNF:2
FNH:2
FNDA:5,(anonymous_0)
FNDA:5,(anonymous_1)
DA:6,5
DA:19,5
DA:28,3
DA:32,3
LF:4
LH:4
BRF:0
BRH:0
end_of_record
TN:
SF:/Users/franciscosanchez/Documents/Sites/stocks/src/components/Button.js
FN:11,(anonymous_0)
FNF:1
FNH:1
FNDA:4,(anonymous_0)
DA:4,3
DA:11,3
DA:12,4
DA:15,3
DA:23,3
LF:5
LH:5
BRF:0
BRH:0
end_of_record
TN:
SF:/Users/franciscosanchez/Documents/Sites/stocks/src/components/ChartLine.js
FN:6,(anonymous_0)
FNF:1
FNH:1
FNDA:2,(anonymous_0)
DA:6,3
DA:7,2
DA:11,2
DA:23,2
DA:40,2
DA:45,3
DA:51,3
LF:7
LH:7
BRDA:7,0,0,0
BRDA:7,0,1,2
BRF:2
BRH:1
end_of_record
TN:
SF:/Users/franciscosanchez/Documents/Sites/stocks/src/components/CurrencyDetailItem.js
FN:9,(anonymous_0)
FN:14,(anonymous_1)
FN:18,(anonymous_2)
FN:32,(anonymous_3)
FN:87,(anonymous_4)
FN:112,(anonymous_5)
FNF:6
FNH:3
FNDA:2,(anonymous_0)
FNDA:0,(anonymous_1)
FNDA:0,(anonymous_2)
FNDA:2,(anonymous_3)
FNDA:0,(anonymous_4)
FNDA:2,(anonymous_5)
DA:10,2
DA:11,2
DA:15,0
DA:19,0
DA:22,0
DA:25,0
DA:27,0
DA:33,2
DA:35,2
DA:37,0
DA:39,0
DA:77,2
DA:88,0
DA:113,2
DA:117,2
DA:125,2
DA:129,2
LF:17
LH:9
BRDA:35,0,0,0
BRDA:35,0,1,2
BRF:2
BRH:1
end_of_record
TN:
SF:/Users/franciscosanchez/Documents/Sites/stocks/src/components/CurrencyListItem.js
FN:7,(anonymous_0)
FN:15,(anonymous_1)
FN:25,(anonymous_2)
FN:31,(anonymous_3)
FN:38,(anonymous_4)
FNF:5
FNH:0
FNDA:0,(anonymous_0)
FNDA:0,(anonymous_1)
FNDA:0,(anonymous_2)
FNDA:0,(anonymous_3)
FNDA:0,(anonymous_4)
DA:8,0
DA:16,0
DA:26,0
DA:27,0
DA:28,0
DA:32,0
DA:33,0
DA:35,0
DA:38,0
DA:52,1
DA:59,1
LF:11
LH:2
BRDA:27,0,0,0
BRDA:27,0,1,0
BRF:2
BRH:0
end_of_record
TN:
SF:/Users/franciscosanchez/Documents/Sites/stocks/src/containers/CurrencyDetail.js
FN:6,(anonymous_0)
FN:22,(anonymous_1)
FNF:2
FNH:0
FNDA:0,(anonymous_0)
FNDA:0,(anonymous_1)
DA:6,1
DA:7,0
DA:10,1
DA:18,1
DA:22,1
LF:5
LH:4
BRF:0
BRH:0
end_of_record
TN:
SF:/Users/franciscosanchez/Documents/Sites/stocks/src/containers/CurrencyList.js
FN:8,(anonymous_0)
FN:14,(anonymous_1)
FN:20,(anonymous_2)
FN:23,(anonymous_3)
FN:34,(anonymous_4)
FN:51,(anonymous_5)
FN:55,(anonymous_6)
FN:56,(anonymous_7)
FNF:8
FNH:0
FNDA:0,(anonymous_0)
FNDA:0,(anonymous_1)
FNDA:0,(anonymous_2)
FNDA:0,(anonymous_3)
FNDA:0,(anonymous_4)
FNDA:0,(anonymous_5)
FNDA:0,(anonymous_6)
FNDA:0,(anonymous_7)
DA:9,0
DA:10,0
DA:11,0
DA:15,0
DA:16,0
DA:17,0
DA:21,0
DA:23,0
DA:24,0
DA:35,0
DA:43,1
DA:47,1
DA:51,1
DA:55,1
DA:57,0
LF:15
LH:4
BRF:0
BRH:0
end_of_record
TN:
SF:/Users/franciscosanchez/Documents/Sites/stocks/src/lib/valueFeedback.js
FN:6,getValueFeedback
FNF:1
FNH:0
FNDA:0,getValueFeedback
DA:1,3
DA:7,0
DA:8,0
DA:9,0
DA:13,0
LF:5
LH:1
BRDA:9,0,0,0
BRDA:9,0,1,0
BRF:2
BRH:0
end_of_record
TN:
SF:/Users/franciscosanchez/Documents/Sites/stocks/src/reducers/currencyDetail.js
FN:1,(anonymous_0)
FNF:1
FNH:0
FNDA:0,(anonymous_0)
DA:1,0
DA:2,0
DA:4,0
DA:12,0
DA:19,0
LF:5
LH:0
BRDA:1,0,0,0
BRDA:2,1,0,0
BRDA:2,1,1,0
BRF:3
BRH:0
end_of_record
TN:
SF:/Users/franciscosanchez/Documents/Sites/stocks/src/reducers/index.js
FN:2,_interopRequireDefault
FNF:1
FNH:0
FNDA:0,_interopRequireDefault
DA:1,0
DA:2,0
DA:4,0
DA:5,0
LF:4
LH:0
BRDA:2,0,0,0
BRDA:2,0,1,0
BRDA:2,1,0,0
BRDA:2,1,1,0
BRF:4
BRH:0
end_of_record
